::1 - [31/Aug/2015:15:59:14 +0100] "GET / HTTP/1.1" 200 8422
::1 - [31/Aug/2015:15:59:14 +0100] "GET /latex.css HTTP/1.1" 200 146
::1 - [31/Aug/2015:15:59:14 +0100] "GET /tufte.css HTTP/1.1" 200 2047
::1 - [31/Aug/2015:15:59:14 +0100] "GET /main-column-figure.png HTTP/1.1" 200 40094
::1 - [31/Aug/2015:15:59:14 +0100] "GET /margin-figure.png HTTP/1.1" 200 30327
::1 - [31/Aug/2015:15:59:14 +0100] "GET /fullwidth-figure.png HTTP/1.1" 200 26311
::1 - [31/Aug/2015:15:59:14 +0100] "GET /ETBembo-RomanLF.ttf HTTP/1.1" 200 47512
::1 - [31/Aug/2015:15:59:14 +0100] "GET /ETBembo-DisplayItalic.ttf HTTP/1.1" 200 44744
::1 - [31/Aug/2015:15:59:15 +0100] "GET /favicon.ico HTTP/1.1" 404 13
::1 - [31/Aug/2015:15:59:21 +0100] "GET /blog HTTP/1.1" 307 66
::1 - [31/Aug/2015:15:59:21 +0100] "GET /blog/ HTTP/1.1" 200 164
::1 - [31/Aug/2015:15:59:23 +0100] "GET /blog/cory.md HTTP/1.1" 200 596
::1 - [31/Aug/2015:16:02:02 +0100] "GET / HTTP/1.1" 200 8422
::1 - [31/Aug/2015:16:02:02 +0100] "GET /latex.css HTTP/1.1" 200 146
::1 - [31/Aug/2015:16:02:02 +0100] "GET /tufte.css HTTP/1.1" 200 2047
::1 - [31/Aug/2015:16:02:02 +0100] "GET /main-column-figure.png HTTP/1.1" 200 40094
::1 - [31/Aug/2015:16:02:02 +0100] "GET /margin-figure.png HTTP/1.1" 200 30327
::1 - [31/Aug/2015:16:02:02 +0100] "GET /fullwidth-figure.png HTTP/1.1" 200 26311
::1 - [31/Aug/2015:16:02:03 +0100] "GET /ETBembo-RomanLF.ttf HTTP/1.1" 200 47512
::1 - [31/Aug/2015:16:02:03 +0100] "GET /ETBembo-DisplayItalic.ttf HTTP/1.1" 200 44744
::1 - [31/Aug/2015:16:02:07 +0100] "GET /upstream HTTP/1.1" 307 70
::1 - [31/Aug/2015:16:02:07 +0100] "GET /upstream/ HTTP/1.1" 200 294
::1 - [31/Aug/2015:16:02:10 +0100] "GET /upstream/chapter1.txt HTTP/1.1" 200 4543
::1 - [31/Aug/2015:16:02:39 +0100] "GET /upstream/chapter1.txt HTTP/1.1" 304 0
::1 - [31/Aug/2015:16:05:21 +0100] "GET /upstream/ HTTP/1.1" 200 298
::1 - [31/Aug/2015:16:05:22 +0100] "GET /tufte.css HTTP/1.1" 304 0
::1 - [31/Aug/2015:16:05:22 +0100] "GET /ETBembo-RomanLF.ttf HTTP/1.1" 304 0
::1 - [31/Aug/2015:16:05:26 +0100] "GET /upstream/chapter1.md HTTP/1.1" 200 4718
::1 - [31/Aug/2015:16:05:54 +0100] "GET / HTTP/1.1" 304 0
::1 - [31/Aug/2015:16:05:55 +0100] "GET /tufte.css HTTP/1.1" 304 0
::1 - [31/Aug/2015:16:05:55 +0100] "GET /latex.css HTTP/1.1" 304 0
::1 - [31/Aug/2015:16:05:55 +0100] "GET /main-column-figure.png HTTP/1.1" 304 0
::1 - [31/Aug/2015:16:05:55 +0100] "GET /margin-figure.png HTTP/1.1" 304 0
::1 - [31/Aug/2015:16:05:55 +0100] "GET /fullwidth-figure.png HTTP/1.1" 304 0
::1 - [31/Aug/2015:16:05:55 +0100] "GET /ETBembo-RomanLF.ttf HTTP/1.1" 304 0
::1 - [31/Aug/2015:16:05:55 +0100] "GET /ETBembo-DisplayItalic.ttf HTTP/1.1" 304 0
::1 - [31/Aug/2015:16:07:34 +0100] "GET /upstream/chapter1.md HTTP/1.1" 200 4743
::1 - [31/Aug/2015:16:07:35 +0100] "GET /tufte.css HTTP/1.1" 200 2047
::1 - [31/Aug/2015:16:07:35 +0100] "GET /ETBembo-RomanLF.ttf HTTP/1.1" 200 47512
::1 - [31/Aug/2015:16:07:35 +0100] "GET /favicon.ico HTTP/1.1" 404 13
::1 - [31/Aug/2015:16:08:04 +0100] "GET /upstream/chapter1.md HTTP/1.1" 200 4744
::1 - [31/Aug/2015:16:08:04 +0100] "GET /tufte.css HTTP/1.1" 304 0
::1 - [31/Aug/2015:16:08:04 +0100] "GET /ETBembo-RomanLF.ttf HTTP/1.1" 304 0
::1 - [31/Aug/2015:16:08:37 +0100] "GET / HTTP/1.1" 304 0
::1 - [31/Aug/2015:16:08:37 +0100] "GET /latex.css HTTP/1.1" 304 0
::1 - [31/Aug/2015:16:08:37 +0100] "GET /main-column-figure.png HTTP/1.1" 304 0
::1 - [31/Aug/2015:16:08:37 +0100] "GET /margin-figure.png HTTP/1.1" 304 0
::1 - [31/Aug/2015:16:08:37 +0100] "GET /fullwidth-figure.png HTTP/1.1" 304 0
::1 - [31/Aug/2015:16:08:37 +0100] "GET /ETBembo-DisplayItalic.ttf HTTP/1.1" 304 0
::1 - [31/Aug/2015:16:11:34 +0100] "GET /upstream/chapter1.md HTTP/1.1" 200 4761
::1 - [31/Aug/2015:16:11:34 +0100] "GET /tufte.css HTTP/1.1" 304 0
::1 - [31/Aug/2015:16:11:35 +0100] "GET /ETBembo-RomanLF.ttf HTTP/1.1" 304 0
::1 - [31/Aug/2015:16:13:42 +0100] "GET /latex.css HTTP/1.1" 304 0
::1 - [31/Aug/2015:16:13:42 +0100] "GET /tufte.css HTTP/1.1" 304 0
::1 - [31/Aug/2015:16:16:37 +0100] "GET /upstream/chapter1.md HTTP/1.1" 200 4833
::1 - [31/Aug/2015:16:16:38 +0100] "GET /tufte.css HTTP/1.1" 304 0
::1 - [31/Aug/2015:16:16:38 +0100] "GET /ETBembo-RomanLF.ttf HTTP/1.1" 304 0
::1 - [31/Aug/2015:16:19:01 +0100] "GET /upstream/chapter1.md HTTP/1.1" 200 4838
::1 - [31/Aug/2015:16:19:01 +0100] "GET /tufte.css HTTP/1.1" 304 0
::1 - [31/Aug/2015:16:19:01 +0100] "GET /ETBembo-RomanLF.ttf HTTP/1.1" 304 0
::1 - [31/Aug/2015:16:19:03 +0100] "GET / HTTP/1.1" 304 0
::1 - [31/Aug/2015:16:19:04 +0100] "GET /tufte.css HTTP/1.1" 304 0
::1 - [31/Aug/2015:16:19:04 +0100] "GET /latex.css HTTP/1.1" 304 0
::1 - [31/Aug/2015:16:19:04 +0100] "GET /main-column-figure.png HTTP/1.1" 304 0
::1 - [31/Aug/2015:16:19:04 +0100] "GET /margin-figure.png HTTP/1.1" 304 0
::1 - [31/Aug/2015:16:19:04 +0100] "GET /fullwidth-figure.png HTTP/1.1" 304 0
::1 - [31/Aug/2015:16:19:04 +0100] "GET /ETBembo-RomanLF.ttf HTTP/1.1" 304 0
::1 - [31/Aug/2015:16:19:04 +0100] "GET /ETBembo-DisplayItalic.ttf HTTP/1.1" 304 0
::1 - [31/Aug/2015:16:19:41 +0100] "GET /upstream/chapter1.md HTTP/1.1" 200 4837
::1 - [31/Aug/2015:16:19:42 +0100] "GET /tufte.css HTTP/1.1" 304 0
::1 - [31/Aug/2015:16:19:42 +0100] "GET /ETBembo-RomanLF.ttf HTTP/1.1" 304 0
::1 - [31/Aug/2015:16:19:55 +0100] "GET /upstream/chapter1.md HTTP/1.1" 200 4834
::1 - [31/Aug/2015:16:19:56 +0100] "GET /tufte.css HTTP/1.1" 304 0
::1 - [31/Aug/2015:16:19:56 +0100] "GET /ETBembo-RomanLF.ttf HTTP/1.1" 304 0
::1 - [31/Aug/2015:16:23:32 +0100] "GET /upstream/chapter1.md HTTP/1.1" 200 4838
::1 - [31/Aug/2015:16:23:32 +0100] "GET /tufte.css HTTP/1.1" 304 0
::1 - [31/Aug/2015:16:23:32 +0100] "GET /ETBembo-RomanLF.ttf HTTP/1.1" 304 0
::1 - [31/Aug/2015:16:24:00 +0100] "GET /upstream/chapter1.md HTTP/1.1" 200 4837
::1 - [31/Aug/2015:16:24:01 +0100] "GET /tufte.css HTTP/1.1" 304 0
::1 - [31/Aug/2015:16:24:01 +0100] "GET /ETBembo-RomanLF.ttf HTTP/1.1" 304 0
::1 - [31/Aug/2015:16:24:10 +0100] "GET /upstream/chapter1.md HTTP/1.1" 200 4837
::1 - [31/Aug/2015:16:24:10 +0100] "GET /tufte.css HTTP/1.1" 304 0
::1 - [31/Aug/2015:16:24:10 +0100] "GET /ETBembo-RomanLF.ttf HTTP/1.1" 304 0
::1 - [31/Aug/2015:16:24:15 +0100] "GET /upstream/chapter1.md HTTP/1.1" 200 4837
::1 - [31/Aug/2015:16:24:15 +0100] "GET /tufte.css HTTP/1.1" 304 0
::1 - [31/Aug/2015:16:24:15 +0100] "GET /ETBembo-RomanLF.ttf HTTP/1.1" 304 0
::1 - [31/Aug/2015:16:24:26 +0100] "GET /upstream/chapter1.md HTTP/1.1" 200 4834
::1 - [31/Aug/2015:16:24:27 +0100] "GET /tufte.css HTTP/1.1" 304 0
::1 - [31/Aug/2015:16:24:27 +0100] "GET /ETBembo-RomanLF.ttf HTTP/1.1" 304 0
::1 - [31/Aug/2015:16:25:45 +0100] "GET /upstream/chapter1.md HTTP/1.1" 200 4819
::1 - [31/Aug/2015:16:25:45 +0100] "GET /tufte.css HTTP/1.1" 304 0
::1 - [31/Aug/2015:16:25:45 +0100] "GET /ETBembo-RomanLF.ttf HTTP/1.1" 304 0
::1 - [31/Aug/2015:16:27:30 +0100] "GET /upstream/chapter1.md HTTP/1.1" 200 4830
::1 - [31/Aug/2015:16:27:30 +0100] "GET /tufte.css HTTP/1.1" 304 0
::1 - [31/Aug/2015:16:27:30 +0100] "GET /ETBembo-RomanLF.ttf HTTP/1.1" 304 0
::1 - [31/Aug/2015:16:29:33 +0100] "GET /tufte.css HTTP/1.1" 304 0
::1 - [31/Aug/2015:16:29:33 +0100] "GET /latex.css HTTP/1.1" 304 0
::1 - [31/Aug/2015:16:30:09 +0100] "GET /upstream/chapter1.md HTTP/1.1" 200 4830
::1 - [31/Aug/2015:16:30:10 +0100] "GET /tufte.css HTTP/1.1" 304 0
::1 - [31/Aug/2015:16:30:10 +0100] "GET /ETBembo-RomanLF.ttf HTTP/1.1" 304 0
::1 - [31/Aug/2015:16:30:20 +0100] "GET /upstream/chapter1.md HTTP/1.1" 200 4896
::1 - [31/Aug/2015:16:30:20 +0100] "GET /tufte.css HTTP/1.1" 304 0
::1 - [31/Aug/2015:16:30:20 +0100] "GET /ETBembo-RomanLF.ttf HTTP/1.1" 304 0
::1 - [31/Aug/2015:16:30:30 +0100] "GET /upstream/chapter1.md HTTP/1.1" 200 4899
::1 - [31/Aug/2015:16:30:31 +0100] "GET /tufte.css HTTP/1.1" 304 0
::1 - [31/Aug/2015:16:30:31 +0100] "GET /ETBembo-RomanLF.ttf HTTP/1.1" 304 0
::1 - [31/Aug/2015:16:30:53 +0100] "GET /upstream/chapter1.md HTTP/1.1" 200 4902
::1 - [31/Aug/2015:16:30:53 +0100] "GET /tufte.css HTTP/1.1" 304 0
::1 - [31/Aug/2015:16:30:54 +0100] "GET /ETBembo-RomanLF.ttf HTTP/1.1" 304 0
::1 - [31/Aug/2015:16:31:30 +0100] "GET /upstream/chapter1.md HTTP/1.1" 200 4921
::1 - [31/Aug/2015:16:31:30 +0100] "GET /tufte.css HTTP/1.1" 304 0
::1 - [31/Aug/2015:16:31:30 +0100] "GET /ETBembo-RomanLF.ttf HTTP/1.1" 304 0
::1 - [31/Aug/2015:16:32:00 +0100] "GET /upstream/chapter1.md HTTP/1.1" 200 4912
::1 - [31/Aug/2015:16:32:00 +0100] "GET /tufte.css HTTP/1.1" 304 0
::1 - [31/Aug/2015:16:32:01 +0100] "GET /ETBembo-RomanLF.ttf HTTP/1.1" 304 0
